{"/Users/untward/trevorRWarduk/ReactWebsite/trevorrwarduk/src/index.js": {"path":"/Users/untward/trevorRWarduk/ReactWebsite/trevorrwarduk/src/index.js","statementMap":{"0":{"start":{"line":1,"column":58},"end":{"line":1,"column":128}},"1":{"start":{"line":1,"column":141},"end":{"line":1,"column":157}},"2":{"start":{"line":2,"column":15},"end":{"line":2,"column":35}},"3":{"start":{"line":3,"column":10},"end":{"line":3,"column":37}},"4":{"start":{"line":5,"column":0},"end":{"line":5,"column":38}},"5":{"start":{"line":6,"column":0},"end":{"line":6,"column":30}},"6":{"start":{"line":8,"column":0},"end":{"line":10,"column":42}}},"fnMap":{},"branchMap":{},"s":{"0":0,"1":0,"2":0,"3":0,"4":0,"5":0,"6":0},"f":{},"b":{}}
,"/Users/untward/trevorRWarduk/ReactWebsite/trevorrwarduk/src/components/App.js": {"path":"/Users/untward/trevorRWarduk/ReactWebsite/trevorrwarduk/src/components/App.js","statementMap":{"0":{"start":{"line":1,"column":58},"end":{"line":1,"column":137}},"1":{"start":{"line":1,"column":150},"end":{"line":1,"column":166}},"2":{"start":{"line":2,"column":18},"end":{"line":2,"column":45}},"3":{"start":{"line":3,"column":13},"end":{"line":3,"column":38}},"4":{"start":{"line":4,"column":12},"end":{"line":4,"column":29}},"5":{"start":{"line":5,"column":13},"end":{"line":5,"column":31}},"6":{"start":{"line":6,"column":21},"end":{"line":6,"column":47}},"7":{"start":{"line":8,"column":21},"end":{"line":8,"column":48}},"8":{"start":{"line":9,"column":11},"end":{"line":9,"column":28}},"9":{"start":{"line":10,"column":15},"end":{"line":10,"column":36}},"10":{"start":{"line":11,"column":9},"end":{"line":11,"column":24}},"11":{"start":{"line":12,"column":11},"end":{"line":12,"column":28}},"12":{"start":{"line":13,"column":15},"end":{"line":13,"column":36}},"13":{"start":{"line":14,"column":19},"end":{"line":14,"column":44}},"14":{"start":{"line":15,"column":16},"end":{"line":15,"column":38}},"15":{"start":{"line":19,"column":4},"end":{"line":43,"column":171}},"16":{"start":{"line":51,"column":0},"end":{"line":51,"column":21}}},"fnMap":{"0":{"name":"(anonymous_0)","decl":{"start":{"line":18,"column":2},"end":{"line":18,"column":3}},"loc":{"start":{"line":18,"column":11},"end":{"line":48,"column":3}},"line":18}},"branchMap":{},"s":{"0":0,"1":0,"2":0,"3":0,"4":0,"5":0,"6":0,"7":0,"8":0,"9":0,"10":0,"11":0,"12":0,"13":0,"14":0,"15":0,"16":0},"f":{"0":0},"b":{}}
,"/Users/untward/trevorRWarduk/ReactWebsite/trevorrwarduk/src/components/Blog.js": {"path":"/Users/untward/trevorRWarduk/ReactWebsite/trevorrwarduk/src/components/Blog.js","statementMap":{"0":{"start":{"line":1,"column":28},"end":{"line":1,"column":44}},"1":{"start":{"line":3,"column":28},"end":{"line":3,"column":49}},"2":{"start":{"line":5,"column":28},"end":{"line":5,"column":43}},"3":{"start":{"line":10,"column":4},"end":{"line":10,"column":17}},"4":{"start":{"line":12,"column":4},"end":{"line":21,"column":6}},"5":{"start":{"line":23,"column":4},"end":{"line":23,"column":60}},"6":{"start":{"line":24,"column":4},"end":{"line":24,"column":61}},"7":{"start":{"line":25,"column":4},"end":{"line":25,"column":64}},"8":{"start":{"line":28,"column":4},"end":{"line":36,"column":6}},"9":{"start":{"line":39,"column":4},"end":{"line":44,"column":6}},"10":{"start":{"line":47,"column":4},"end":{"line":53,"column":6}},"11":{"start":{"line":55,"column":25},"end":{"line":55,"column":27}},"12":{"start":{"line":57,"column":4},"end":{"line":75,"column":5}},"13":{"start":{"line":58,"column":7},"end":{"line":58,"column":49}},"14":{"start":{"line":59,"column":7},"end":{"line":59,"column":72}},"15":{"start":{"line":60,"column":7},"end":{"line":60,"column":57}},"16":{"start":{"line":61,"column":7},"end":{"line":61,"column":57}},"17":{"start":{"line":62,"column":7},"end":{"line":62,"column":59}},"18":{"start":{"line":64,"column":21},"end":{"line":64,"column":76}},"19":{"start":{"line":65,"column":22},"end":{"line":65,"column":24}},"20":{"start":{"line":67,"column":6},"end":{"line":69,"column":8}},"21":{"start":{"line":68,"column":8},"end":{"line":68,"column":57}},"22":{"start":{"line":70,"column":6},"end":{"line":70,"column":37}},"23":{"start":{"line":71,"column":6},"end":{"line":71,"column":60}},"24":{"start":{"line":72,"column":6},"end":{"line":72,"column":45}},"25":{"start":{"line":73,"column":6},"end":{"line":73,"column":45}},"26":{"start":{"line":74,"column":6},"end":{"line":74,"column":47}},"27":{"start":{"line":77,"column":4},"end":{"line":83,"column":6}},"28":{"start":{"line":86,"column":19},"end":{"line":86,"column":46}},"29":{"start":{"line":88,"column":4},"end":{"line":99,"column":8}},"30":{"start":{"line":90,"column":8},"end":{"line":90,"column":31}},"31":{"start":{"line":93,"column":8},"end":{"line":93,"column":33}},"32":{"start":{"line":96,"column":8},"end":{"line":98,"column":10}},"33":{"start":{"line":102,"column":4},"end":{"line":156,"column":5}},"34":{"start":{"line":112,"column":24},"end":{"line":114,"column":25}},"35":{"start":{"line":128,"column":24},"end":{"line":130,"column":25}},"36":{"start":{"line":160,"column":0},"end":{"line":160,"column":22}}},"fnMap":{"0":{"name":"(anonymous_0)","decl":{"start":{"line":9,"column":2},"end":{"line":9,"column":3}},"loc":{"start":{"line":9,"column":22},"end":{"line":26,"column":3}},"line":9},"1":{"name":"(anonymous_1)","decl":{"start":{"line":27,"column":2},"end":{"line":27,"column":3}},"loc":{"start":{"line":27,"column":22},"end":{"line":37,"column":3}},"line":27},"2":{"name":"(anonymous_2)","decl":{"start":{"line":38,"column":2},"end":{"line":38,"column":3}},"loc":{"start":{"line":38,"column":20},"end":{"line":45,"column":3}},"line":38},"3":{"name":"(anonymous_3)","decl":{"start":{"line":46,"column":2},"end":{"line":46,"column":3}},"loc":{"start":{"line":46,"column":23},"end":{"line":84,"column":3}},"line":46},"4":{"name":"(anonymous_4)","decl":{"start":{"line":67,"column":19},"end":{"line":67,"column":20}},"loc":{"start":{"line":67,"column":29},"end":{"line":69,"column":7}},"line":67},"5":{"name":"(anonymous_5)","decl":{"start":{"line":85,"column":2},"end":{"line":85,"column":3}},"loc":{"start":{"line":85,"column":23},"end":{"line":100,"column":3}},"line":85},"6":{"name":"(anonymous_6)","decl":{"start":{"line":89,"column":12},"end":{"line":89,"column":13}},"loc":{"start":{"line":89,"column":26},"end":{"line":91,"column":7}},"line":89},"7":{"name":"(anonymous_7)","decl":{"start":{"line":92,"column":12},"end":{"line":92,"column":13}},"loc":{"start":{"line":92,"column":22},"end":{"line":94,"column":7}},"line":92},"8":{"name":"(anonymous_8)","decl":{"start":{"line":95,"column":13},"end":{"line":95,"column":14}},"loc":{"start":{"line":95,"column":21},"end":{"line":99,"column":7}},"line":95},"9":{"name":"(anonymous_9)","decl":{"start":{"line":101,"column":2},"end":{"line":101,"column":3}},"loc":{"start":{"line":101,"column":12},"end":{"line":157,"column":3}},"line":101},"10":{"name":"(anonymous_10)","decl":{"start":{"line":111,"column":51},"end":{"line":111,"column":52}},"loc":{"start":{"line":111,"column":70},"end":{"line":115,"column":21}},"line":111},"11":{"name":"(anonymous_11)","decl":{"start":{"line":127,"column":52},"end":{"line":127,"column":53}},"loc":{"start":{"line":127,"column":67},"end":{"line":131,"column":23}},"line":127}},"branchMap":{"0":{"loc":{"start":{"line":57,"column":4},"end":{"line":75,"column":5}},"type":"if","locations":[{"start":{"line":57,"column":4},"end":{"line":75,"column":5}},{"start":{"line":57,"column":4},"end":{"line":75,"column":5}}],"line":57},"1":{"loc":{"start":{"line":104,"column":11},"end":{"line":118,"column":20}},"type":"cond-expr","locations":[{"start":{"line":105,"column":14},"end":{"line":105,"column":16}},{"start":{"line":107,"column":14},"end":{"line":118,"column":20}}],"line":104},"2":{"loc":{"start":{"line":120,"column":11},"end":{"line":135,"column":20}},"type":"cond-expr","locations":[{"start":{"line":121,"column":14},"end":{"line":121,"column":16}},{"start":{"line":123,"column":14},"end":{"line":135,"column":20}}],"line":120},"3":{"loc":{"start":{"line":137,"column":11},"end":{"line":147,"column":20}},"type":"cond-expr","locations":[{"start":{"line":138,"column":14},"end":{"line":138,"column":23}},{"start":{"line":139,"column":14},"end":{"line":147,"column":20}}],"line":137},"4":{"loc":{"start":{"line":149,"column":11},"end":{"line":153,"column":20}},"type":"cond-expr","locations":[{"start":{"line":150,"column":14},"end":{"line":150,"column":16}},{"start":{"line":151,"column":14},"end":{"line":153,"column":20}}],"line":149}},"s":{"0":1,"1":1,"2":1,"3":1,"4":1,"5":1,"6":1,"7":1,"8":0,"9":0,"10":0,"11":0,"12":0,"13":0,"14":0,"15":0,"16":0,"17":0,"18":0,"19":0,"20":0,"21":0,"22":0,"23":0,"24":0,"25":0,"26":0,"27":0,"28":1,"29":1,"30":0,"31":0,"32":1,"33":2,"34":0,"35":0,"36":1},"f":{"0":1,"1":0,"2":0,"3":0,"4":0,"5":1,"6":0,"7":0,"8":1,"9":2,"10":0,"11":0},"b":{"0":[0,0],"1":[2,0],"2":[2,0],"3":[2,0],"4":[1,1]},"_coverageSchema":"332fd63041d2c1bcb487cc26dd0d5f7d97098a6c","hash":"a188338b2cd7a13f013a891c21222a5e999e6c7a"}
,"/Users/untward/trevorRWarduk/ReactWebsite/trevorrwarduk/src/components/Header.js": {"path":"/Users/untward/trevorRWarduk/ReactWebsite/trevorrwarduk/src/components/Header.js","statementMap":{"0":{"start":{"line":1,"column":58},"end":{"line":1,"column":140}},"1":{"start":{"line":1,"column":153},"end":{"line":1,"column":169}},"2":{"start":{"line":5,"column":4},"end":{"line":9,"column":265}},"3":{"start":{"line":17,"column":0},"end":{"line":17,"column":24}}},"fnMap":{"0":{"name":"(anonymous_0)","decl":{"start":{"line":4,"column":2},"end":{"line":4,"column":3}},"loc":{"start":{"line":4,"column":11},"end":{"line":13,"column":3}},"line":4}},"branchMap":{},"s":{"0":0,"1":0,"2":0,"3":0},"f":{"0":0},"b":{}}
,"/Users/untward/trevorRWarduk/ReactWebsite/trevorrwarduk/src/components/HeadingSection.js": {"path":"/Users/untward/trevorRWarduk/ReactWebsite/trevorrwarduk/src/components/HeadingSection.js","statementMap":{"0":{"start":{"line":1,"column":58},"end":{"line":1,"column":148}},"1":{"start":{"line":1,"column":161},"end":{"line":1,"column":177}},"2":{"start":{"line":3,"column":13},"end":{"line":3,"column":32}},"3":{"start":{"line":4,"column":14},"end":{"line":4,"column":34}},"4":{"start":{"line":5,"column":16},"end":{"line":5,"column":38}},"5":{"start":{"line":9,"column":4},"end":{"line":18,"column":171}},"6":{"start":{"line":26,"column":0},"end":{"line":26,"column":32}}},"fnMap":{"0":{"name":"(anonymous_0)","decl":{"start":{"line":8,"column":2},"end":{"line":8,"column":3}},"loc":{"start":{"line":8,"column":11},"end":{"line":23,"column":3}},"line":8}},"branchMap":{},"s":{"0":0,"1":0,"2":0,"3":0,"4":0,"5":0,"6":0},"f":{"0":0},"b":{}}
,"/Users/untward/trevorRWarduk/ReactWebsite/trevorrwarduk/src/components/Home.js": {"path":"/Users/untward/trevorRWarduk/ReactWebsite/trevorrwarduk/src/components/Home.js","statementMap":{"0":{"start":{"line":1,"column":58},"end":{"line":1,"column":138}},"1":{"start":{"line":1,"column":151},"end":{"line":1,"column":167}},"2":{"start":{"line":3,"column":15},"end":{"line":3,"column":36}},"3":{"start":{"line":7,"column":4},"end":{"line":7,"column":17}},"4":{"start":{"line":9,"column":4},"end":{"line":11,"column":27}},"5":{"start":{"line":13,"column":4},"end":{"line":13,"column":57}},"6":{"start":{"line":16,"column":4},"end":{"line":17,"column":56}},"7":{"start":{"line":21,"column":4},"end":{"line":32,"column":7}},"8":{"start":{"line":23,"column":6},"end":{"line":23,"column":29}},"9":{"start":{"line":26,"column":6},"end":{"line":26,"column":32}},"10":{"start":{"line":29,"column":6},"end":{"line":30,"column":30}},"11":{"start":{"line":35,"column":4},"end":{"line":46,"column":240}},"12":{"start":{"line":54,"column":0},"end":{"line":54,"column":22}}},"fnMap":{"0":{"name":"(anonymous_0)","decl":{"start":{"line":6,"column":2},"end":{"line":6,"column":3}},"loc":{"start":{"line":6,"column":21},"end":{"line":14,"column":3}},"line":6},"1":{"name":"(anonymous_1)","decl":{"start":{"line":15,"column":2},"end":{"line":15,"column":3}},"loc":{"start":{"line":15,"column":23},"end":{"line":19,"column":3}},"line":15},"2":{"name":"(anonymous_2)","decl":{"start":{"line":20,"column":2},"end":{"line":20,"column":3}},"loc":{"start":{"line":20,"column":23},"end":{"line":33,"column":3}},"line":20},"3":{"name":"(anonymous_3)","decl":{"start":{"line":22,"column":9},"end":{"line":22,"column":10}},"loc":{"start":{"line":22,"column":21},"end":{"line":24,"column":5}},"line":22},"4":{"name":"(anonymous_4)","decl":{"start":{"line":25,"column":9},"end":{"line":25,"column":10}},"loc":{"start":{"line":25,"column":17},"end":{"line":27,"column":5}},"line":25},"5":{"name":"(anonymous_5)","decl":{"start":{"line":28,"column":10},"end":{"line":28,"column":11}},"loc":{"start":{"line":28,"column":16},"end":{"line":32,"column":5}},"line":28},"6":{"name":"(anonymous_6)","decl":{"start":{"line":34,"column":2},"end":{"line":34,"column":3}},"loc":{"start":{"line":34,"column":11},"end":{"line":51,"column":3}},"line":34}},"branchMap":{"0":{"loc":{"start":{"line":37,"column":8},"end":{"line":40,"column":191}},"type":"cond-expr","locations":[{"start":{"line":38,"column":8},"end":{"line":38,"column":17}}],"line":37},"1":{"loc":{"start":{"line":43,"column":8},"end":{"line":46,"column":237}},"type":"cond-expr","locations":[{"start":{"line":44,"column":8},"end":{"line":44,"column":10}}],"line":43}},"s":{"0":0,"1":0,"2":0,"3":0,"4":0,"5":0,"6":0,"7":0,"8":0,"9":0,"10":0,"11":0,"12":0},"f":{"0":0,"1":0,"2":0,"3":0,"4":0,"5":0,"6":0},"b":{"0":[0],"1":[0]}}
,"/Users/untward/trevorRWarduk/ReactWebsite/trevorrwarduk/src/components/MDLoader.js": {"path":"/Users/untward/trevorRWarduk/ReactWebsite/trevorrwarduk/src/components/MDLoader.js","statementMap":{"0":{"start":{"line":1,"column":28},"end":{"line":1,"column":44}},"1":{"start":{"line":2,"column":28},"end":{"line":2,"column":49}},"2":{"start":{"line":4,"column":28},"end":{"line":4,"column":53}},"3":{"start":{"line":8,"column":4},"end":{"line":8,"column":17}},"4":{"start":{"line":10,"column":4},"end":{"line":13,"column":6}},"5":{"start":{"line":14,"column":4},"end":{"line":14,"column":55}},"6":{"start":{"line":17,"column":6},"end":{"line":17,"column":31}},"7":{"start":{"line":20,"column":6},"end":{"line":20,"column":36}},"8":{"start":{"line":23,"column":4},"end":{"line":36,"column":8}},"9":{"start":{"line":25,"column":8},"end":{"line":25,"column":31}},"10":{"start":{"line":28,"column":8},"end":{"line":30,"column":10}},"11":{"start":{"line":33,"column":8},"end":{"line":35,"column":10}},"12":{"start":{"line":39,"column":4},"end":{"line":52,"column":5}},"13":{"start":{"line":55,"column":0},"end":{"line":57,"column":1}},"14":{"start":{"line":59,"column":0},"end":{"line":59,"column":22}}},"fnMap":{"0":{"name":"(anonymous_0)","decl":{"start":{"line":7,"column":2},"end":{"line":7,"column":3}},"loc":{"start":{"line":7,"column":22},"end":{"line":15,"column":3}},"line":7},"1":{"name":"(anonymous_1)","decl":{"start":{"line":16,"column":2},"end":{"line":16,"column":3}},"loc":{"start":{"line":16,"column":35},"end":{"line":18,"column":3}},"line":16},"2":{"name":"(anonymous_2)","decl":{"start":{"line":19,"column":2},"end":{"line":19,"column":3}},"loc":{"start":{"line":19,"column":23},"end":{"line":21,"column":3}},"line":19},"3":{"name":"(anonymous_3)","decl":{"start":{"line":22,"column":2},"end":{"line":22,"column":3}},"loc":{"start":{"line":22,"column":23},"end":{"line":37,"column":3}},"line":22},"4":{"name":"(anonymous_4)","decl":{"start":{"line":24,"column":12},"end":{"line":24,"column":13}},"loc":{"start":{"line":24,"column":24},"end":{"line":26,"column":7}},"line":24},"5":{"name":"(anonymous_5)","decl":{"start":{"line":27,"column":12},"end":{"line":27,"column":13}},"loc":{"start":{"line":27,"column":20},"end":{"line":31,"column":7}},"line":27},"6":{"name":"(anonymous_6)","decl":{"start":{"line":32,"column":13},"end":{"line":32,"column":14}},"loc":{"start":{"line":32,"column":21},"end":{"line":36,"column":7}},"line":32},"7":{"name":"(anonymous_7)","decl":{"start":{"line":38,"column":2},"end":{"line":38,"column":3}},"loc":{"start":{"line":38,"column":12},"end":{"line":53,"column":3}},"line":38}},"branchMap":{"0":{"loc":{"start":{"line":41,"column":9},"end":{"line":43,"column":58}},"type":"cond-expr","locations":[{"start":{"line":42,"column":12},"end":{"line":42,"column":21}},{"start":{"line":43,"column":12},"end":{"line":43,"column":58}}],"line":41},"1":{"loc":{"start":{"line":45,"column":9},"end":{"line":49,"column":18}},"type":"cond-expr","locations":[{"start":{"line":46,"column":12},"end":{"line":46,"column":14}},{"start":{"line":47,"column":12},"end":{"line":49,"column":18}}],"line":45}},"s":{"0":1,"1":1,"2":1,"3":0,"4":0,"5":0,"6":0,"7":0,"8":0,"9":0,"10":0,"11":0,"12":0,"13":1,"14":1},"f":{"0":0,"1":0,"2":0,"3":0,"4":0,"5":0,"6":0,"7":0},"b":{"0":[0,0],"1":[0,0]},"_coverageSchema":"332fd63041d2c1bcb487cc26dd0d5f7d97098a6c","hash":"fb713c9f7b90f5f24fd004f04c4f96bdba61d123"}
,"/Users/untward/trevorRWarduk/ReactWebsite/trevorrwarduk/src/components/Me.js": {"path":"/Users/untward/trevorRWarduk/ReactWebsite/trevorrwarduk/src/components/Me.js","statementMap":{"0":{"start":{"line":1,"column":58},"end":{"line":1,"column":136}},"1":{"start":{"line":1,"column":149},"end":{"line":1,"column":165}},"2":{"start":{"line":2,"column":15},"end":{"line":2,"column":36}},"3":{"start":{"line":6,"column":4},"end":{"line":8,"column":187}},"4":{"start":{"line":14,"column":0},"end":{"line":14,"column":20}}},"fnMap":{"0":{"name":"(anonymous_0)","decl":{"start":{"line":5,"column":2},"end":{"line":5,"column":3}},"loc":{"start":{"line":5,"column":11},"end":{"line":11,"column":3}},"line":5}},"branchMap":{},"s":{"0":0,"1":0,"2":0,"3":0,"4":0},"f":{"0":0},"b":{}}
,"/Users/untward/trevorRWarduk/ReactWebsite/trevorrwarduk/src/components/MenuBar.js": {"path":"/Users/untward/trevorRWarduk/ReactWebsite/trevorrwarduk/src/components/MenuBar.js","statementMap":{"0":{"start":{"line":1,"column":58},"end":{"line":1,"column":141}},"1":{"start":{"line":1,"column":154},"end":{"line":1,"column":170}},"2":{"start":{"line":2,"column":14},"end":{"line":2,"column":49}},"3":{"start":{"line":4,"column":15},"end":{"line":4,"column":36}},"4":{"start":{"line":8,"column":4},"end":{"line":32,"column":107}},"5":{"start":{"line":39,"column":0},"end":{"line":39,"column":25}}},"fnMap":{"0":{"name":"(anonymous_0)","decl":{"start":{"line":7,"column":2},"end":{"line":7,"column":3}},"loc":{"start":{"line":7,"column":11},"end":{"line":36,"column":3}},"line":7}},"branchMap":{},"s":{"0":0,"1":0,"2":0,"3":0,"4":0,"5":0},"f":{"0":0},"b":{}}
,"/Users/untward/trevorRWarduk/ReactWebsite/trevorrwarduk/src/components/MenuItem.js": {"path":"/Users/untward/trevorRWarduk/ReactWebsite/trevorrwarduk/src/components/MenuItem.js","statementMap":{"0":{"start":{"line":1,"column":58},"end":{"line":1,"column":142}},"1":{"start":{"line":1,"column":155},"end":{"line":1,"column":171}},"2":{"start":{"line":2,"column":16},"end":{"line":2,"column":37}},"3":{"start":{"line":6,"column":19},"end":{"line":6,"column":58}},"4":{"start":{"line":8,"column":4},"end":{"line":11,"column":240}},"5":{"start":{"line":17,"column":0},"end":{"line":20,"column":39}},"6":{"start":{"line":23,"column":0},"end":{"line":23,"column":26}}},"fnMap":{"0":{"name":"(anonymous_0)","decl":{"start":{"line":5,"column":2},"end":{"line":5,"column":3}},"loc":{"start":{"line":5,"column":11},"end":{"line":14,"column":3}},"line":5}},"branchMap":{},"s":{"0":0,"1":0,"2":0,"3":0,"4":0,"5":0,"6":0},"f":{"0":0},"b":{}}
,"/Users/untward/trevorRWarduk/ReactWebsite/trevorrwarduk/src/components/NotFound.js": {"path":"/Users/untward/trevorRWarduk/ReactWebsite/trevorrwarduk/src/components/NotFound.js","statementMap":{"0":{"start":{"line":1,"column":58},"end":{"line":1,"column":142}},"1":{"start":{"line":1,"column":155},"end":{"line":1,"column":171}},"2":{"start":{"line":5,"column":4},"end":{"line":9,"column":246}},"3":{"start":{"line":16,"column":0},"end":{"line":16,"column":26}}},"fnMap":{"0":{"name":"(anonymous_0)","decl":{"start":{"line":4,"column":2},"end":{"line":4,"column":3}},"loc":{"start":{"line":4,"column":11},"end":{"line":13,"column":3}},"line":4}},"branchMap":{},"s":{"0":0,"1":0,"2":0,"3":0},"f":{"0":0},"b":{}}
,"/Users/untward/trevorRWarduk/ReactWebsite/trevorrwarduk/src/components/Projects.js": {"path":"/Users/untward/trevorRWarduk/ReactWebsite/trevorrwarduk/src/components/Projects.js","statementMap":{"0":{"start":{"line":1,"column":58},"end":{"line":1,"column":142}},"1":{"start":{"line":1,"column":155},"end":{"line":1,"column":171}},"2":{"start":{"line":2,"column":15},"end":{"line":2,"column":36}},"3":{"start":{"line":6,"column":4},"end":{"line":8,"column":193}},"4":{"start":{"line":14,"column":0},"end":{"line":14,"column":26}}},"fnMap":{"0":{"name":"(anonymous_0)","decl":{"start":{"line":5,"column":2},"end":{"line":5,"column":3}},"loc":{"start":{"line":5,"column":11},"end":{"line":11,"column":3}},"line":5}},"branchMap":{},"s":{"0":0,"1":0,"2":0,"3":0,"4":0},"f":{"0":0},"b":{}}
,"/Users/untward/trevorRWarduk/ReactWebsite/trevorrwarduk/src/components/RightSideBar.js": {"path":"/Users/untward/trevorRWarduk/ReactWebsite/trevorrwarduk/src/components/RightSideBar.js","statementMap":{"0":{"start":{"line":1,"column":58},"end":{"line":1,"column":146}},"1":{"start":{"line":1,"column":159},"end":{"line":1,"column":175}},"2":{"start":{"line":3,"column":16},"end":{"line":3,"column":38}},"3":{"start":{"line":7,"column":4},"end":{"line":18,"column":111}},"4":{"start":{"line":24,"column":0},"end":{"line":24,"column":25}}},"fnMap":{"0":{"name":"(anonymous_0)","decl":{"start":{"line":6,"column":2},"end":{"line":6,"column":3}},"loc":{"start":{"line":6,"column":11},"end":{"line":21,"column":3}},"line":6}},"branchMap":{},"s":{"0":0,"1":0,"2":0,"3":0,"4":0},"f":{"0":0},"b":{}}
,"/Users/untward/trevorRWarduk/ReactWebsite/trevorrwarduk/src/components/SideImage.js": {"path":"/Users/untward/trevorRWarduk/ReactWebsite/trevorrwarduk/src/components/SideImage.js","statementMap":{"0":{"start":{"line":1,"column":58},"end":{"line":1,"column":143}},"1":{"start":{"line":1,"column":156},"end":{"line":1,"column":172}},"2":{"start":{"line":2,"column":16},"end":{"line":2,"column":37}},"3":{"start":{"line":6,"column":4},"end":{"line":12,"column":218}},"4":{"start":{"line":17,"column":0},"end":{"line":19,"column":41}},"5":{"start":{"line":22,"column":0},"end":{"line":22,"column":27}}},"fnMap":{"0":{"name":"(anonymous_0)","decl":{"start":{"line":5,"column":2},"end":{"line":5,"column":3}},"loc":{"start":{"line":5,"column":11},"end":{"line":15,"column":3}},"line":5}},"branchMap":{},"s":{"0":0,"1":0,"2":0,"3":0,"4":0,"5":0},"f":{"0":0},"b":{}}
,"/Users/untward/trevorRWarduk/ReactWebsite/trevorrwarduk/src/components/SocialBar.js": {"path":"/Users/untward/trevorRWarduk/ReactWebsite/trevorrwarduk/src/components/SocialBar.js","statementMap":{"0":{"start":{"line":1,"column":58},"end":{"line":1,"column":143}},"1":{"start":{"line":1,"column":156},"end":{"line":1,"column":172}},"2":{"start":{"line":3,"column":17},"end":{"line":3,"column":40}},"3":{"start":{"line":7,"column":4},"end":{"line":39,"column":111}},"4":{"start":{"line":46,"column":0},"end":{"line":46,"column":27}}},"fnMap":{"0":{"name":"(anonymous_0)","decl":{"start":{"line":6,"column":2},"end":{"line":6,"column":3}},"loc":{"start":{"line":6,"column":11},"end":{"line":43,"column":3}},"line":6}},"branchMap":{},"s":{"0":0,"1":0,"2":0,"3":0,"4":0},"f":{"0":0},"b":{}}
,"/Users/untward/trevorRWarduk/ReactWebsite/trevorrwarduk/src/components/SocialItem.js": {"path":"/Users/untward/trevorRWarduk/ReactWebsite/trevorrwarduk/src/components/SocialItem.js","statementMap":{"0":{"start":{"line":1,"column":58},"end":{"line":1,"column":144}},"1":{"start":{"line":1,"column":157},"end":{"line":1,"column":173}},"2":{"start":{"line":2,"column":16},"end":{"line":2,"column":37}},"3":{"start":{"line":6,"column":19},"end":{"line":6,"column":58}},"4":{"start":{"line":8,"column":4},"end":{"line":13,"column":243}},"5":{"start":{"line":19,"column":0},"end":{"line":22,"column":39}},"6":{"start":{"line":25,"column":0},"end":{"line":25,"column":28}}},"fnMap":{"0":{"name":"(anonymous_0)","decl":{"start":{"line":5,"column":2},"end":{"line":5,"column":3}},"loc":{"start":{"line":5,"column":11},"end":{"line":16,"column":3}},"line":5}},"branchMap":{},"s":{"0":0,"1":0,"2":0,"3":0,"4":0,"5":0,"6":0},"f":{"0":0},"b":{}}
,"/Users/untward/trevorRWarduk/ReactWebsite/trevorrwarduk/src/components/StrapLine.js": {"path":"/Users/untward/trevorRWarduk/ReactWebsite/trevorrwarduk/src/components/StrapLine.js","statementMap":{"0":{"start":{"line":1,"column":58},"end":{"line":1,"column":143}},"1":{"start":{"line":1,"column":156},"end":{"line":1,"column":172}},"2":{"start":{"line":5,"column":4},"end":{"line":6,"column":356}},"3":{"start":{"line":13,"column":0},"end":{"line":13,"column":27}}},"fnMap":{"0":{"name":"(anonymous_0)","decl":{"start":{"line":4,"column":2},"end":{"line":4,"column":3}},"loc":{"start":{"line":4,"column":11},"end":{"line":10,"column":3}},"line":4}},"branchMap":{},"s":{"0":0,"1":0,"2":0,"3":0},"f":{"0":0},"b":{}}
}
